<?xml version="1.0" encoding="UTF-8"?>
<!-- Generated by org.testng.reporters.JUnitReportReporter -->
<testsuite skipped="0" hostname="MGGG0HH2" name="com.testscripts.Testcases" tests="1" failures="0" timestamp="18 Dec 2017 21:28:12 GMT" time="11.276" errors="1">
  <testcase name="termsAndConditions" time="11.276" classname="com.testscripts.Testcases">
    <error type="org.openqa.selenium.NoSuchElementException" message="no such element (An element could not be located on the page using the given search parameters (XPATH=&#039;//*[@content-desc=&#039;loginText1&#039;]&#039;))  (WARNING: The server did not provide any stacktrace information)
Command duration or timeout: 0 milliseconds
For documentation on this error, please visit: http://seleniumhq.org/exceptions/no_such_element.html
Build info: version: &#039;3.7.1&#039;, revision: &#039;8a0099a&#039;, time: &#039;2017-11-06T21:01:39.354Z&#039;
System info: host: &#039;MGGG0HH2&#039;, ip: &#039;10.149.250.194&#039;, os.name: &#039;Windows 7&#039;, os.arch: &#039;amd64&#039;, os.version: &#039;6.1&#039;, java.version: &#039;1.8.0_152&#039;
Driver info: io.appium.java_client.android.AndroidDriver
Capabilities {appActivity: .MainActivity, appPackage: com.jncb.mobile, autoAcceptAlerts: false, autoDismissAlerts: false, autoWebview: false, desired: {appActivity: .MainActivity, appPackage: com.jncb.mobile, platformName: Android, reportDirectory: reports, reportFormat: xml, testName: Untitled, udid: HKL3CTBA, unicodeKeyboard: True}, device.category: PHONE, device.majorVersion: 5.x, device.manufacture: LENOVO, device.model: Lenovo A2010-l, device.name: Lenovo A2010-l, device.os: Android, device.screenSize: 480x854, device.serialNumber: HKL3CTBA, device.version: 5.1, dontGoHomeOnQuit: false, dontStopAppOnReset: false, fullReset: false, instrumentApp: false, javascriptEnabled: true, keystorePath: ~/.android/debug.keystore, noReset: false, platform: ANDROID, platformName: ANDROID, projectName: , reportDirectory: reports, reportFormat: xml, reportUrl: C:\Users\vermas\appiumstudi..., reservationDuration: 240, testName: Untitled, udid: HKL3CTBA, unicodeKeyboard: True, useKeystore: false, waitForDeviceTimeout: 120000}
Session ID: 6362b72d-319d-4e22-919a-3648c25d6fe6
*** Element info: {Using=xpath, value=//*[@content-desc=&#039;loginText1&#039;]}">
      <![CDATA[org.openqa.selenium.NoSuchElementException: no such element (An element could not be located on the page using the given search parameters (XPATH='//*[@content-desc='loginText1']'))  (WARNING: The server did not provide any stacktrace information)
Command duration or timeout: 0 milliseconds
For documentation on this error, please visit: http://seleniumhq.org/exceptions/no_such_element.html
Build info: version: '3.7.1', revision: '8a0099a', time: '2017-11-06T21:01:39.354Z'
System info: host: 'MGGG0HH2', ip: '10.149.250.194', os.name: 'Windows 7', os.arch: 'amd64', os.version: '6.1', java.version: '1.8.0_152'
Driver info: io.appium.java_client.android.AndroidDriver
Capabilities {appActivity: .MainActivity, appPackage: com.jncb.mobile, autoAcceptAlerts: false, autoDismissAlerts: false, autoWebview: false, desired: {appActivity: .MainActivity, appPackage: com.jncb.mobile, platformName: Android, reportDirectory: reports, reportFormat: xml, testName: Untitled, udid: HKL3CTBA, unicodeKeyboard: True}, device.category: PHONE, device.majorVersion: 5.x, device.manufacture: LENOVO, device.model: Lenovo A2010-l, device.name: Lenovo A2010-l, device.os: Android, device.screenSize: 480x854, device.serialNumber: HKL3CTBA, device.version: 5.1, dontGoHomeOnQuit: false, dontStopAppOnReset: false, fullReset: false, instrumentApp: false, javascriptEnabled: true, keystorePath: ~/.android/debug.keystore, noReset: false, platform: ANDROID, platformName: ANDROID, projectName: , reportDirectory: reports, reportFormat: xml, reportUrl: C:\Users\vermas\appiumstudi..., reservationDuration: 240, testName: Untitled, udid: HKL3CTBA, unicodeKeyboard: True, useKeystore: false, waitForDeviceTimeout: 120000}
Session ID: 6362b72d-319d-4e22-919a-3648c25d6fe6
*** Element info: {Using=xpath, value=//*[@content-desc='loginText1']}
	at sun.reflect.NativeConstructorAccessorImpl.newInstance0(Native Method)
	at sun.reflect.NativeConstructorAccessorImpl.newInstance(NativeConstructorAccessorImpl.java:62)
	at sun.reflect.DelegatingConstructorAccessorImpl.newInstance(DelegatingConstructorAccessorImpl.java:45)
	at java.lang.reflect.Constructor.newInstance(Constructor.java:423)
	at org.openqa.selenium.remote.ErrorHandler.createThrowable(ErrorHandler.java:214)
	at org.openqa.selenium.remote.ErrorHandler.throwIfResponseFailed(ErrorHandler.java:166)
	at org.openqa.selenium.remote.http.JsonHttpResponseCodec.reconstructValue(JsonHttpResponseCodec.java:40)
	at org.openqa.selenium.remote.http.AbstractHttpResponseCodec.decode(AbstractHttpResponseCodec.java:80)
	at org.openqa.selenium.remote.http.AbstractHttpResponseCodec.decode(AbstractHttpResponseCodec.java:44)
	at org.openqa.selenium.remote.HttpCommandExecutor.execute(HttpCommandExecutor.java:164)
	at io.appium.java_client.remote.AppiumCommandExecutor.execute(AppiumCommandExecutor.java:89)
	at org.openqa.selenium.remote.RemoteWebDriver.execute(RemoteWebDriver.java:600)
	at io.appium.java_client.DefaultGenericMobileDriver.execute(DefaultGenericMobileDriver.java:42)
	at io.appium.java_client.AppiumDriver.execute(AppiumDriver.java:1)
	at io.appium.java_client.android.AndroidDriver.execute(AndroidDriver.java:1)
	at org.openqa.selenium.remote.RemoteWebDriver.findElement(RemoteWebDriver.java:370)
	at io.appium.java_client.DefaultGenericMobileDriver.findElement(DefaultGenericMobileDriver.java:62)
	at io.appium.java_client.AppiumDriver.findElement(AppiumDriver.java:1)
	at io.appium.java_client.android.AndroidDriver.findElement(AndroidDriver.java:1)
	at org.openqa.selenium.remote.RemoteWebDriver.findElementByXPath(RemoteWebDriver.java:472)
	at io.appium.java_client.DefaultGenericMobileDriver.findElementByXPath(DefaultGenericMobileDriver.java:140)
	at io.appium.java_client.AppiumDriver.findElementByXPath(AppiumDriver.java:1)
	at io.appium.java_client.android.AndroidDriver.findElementByXPath(AndroidDriver.java:1)
	at org.openqa.selenium.By$ByXPath.findElement(By.java:361)
	at org.openqa.selenium.remote.RemoteWebDriver.findElement(RemoteWebDriver.java:362)
	at io.appium.java_client.DefaultGenericMobileDriver.findElement(DefaultGenericMobileDriver.java:58)
	at io.appium.java_client.AppiumDriver.findElement(AppiumDriver.java:1)
	at io.appium.java_client.android.AndroidDriver.findElement(AndroidDriver.java:1)
	at com.library.Common.webElementId(Common.java:89)
	at com.library.Common.verifyElementPresent(Common.java:181)
	at com.businessfunctions.Login.termsAndConditionsExists(Login.java:219)
	at com.testscripts.Testcases.termsAndConditions(Testcases.java:243)
	at sun.reflect.NativeMethodAccessorImpl.invoke0(Native Method)
	at sun.reflect.NativeMethodAccessorImpl.invoke(NativeMethodAccessorImpl.java:62)
	at sun.reflect.DelegatingMethodAccessorImpl.invoke(DelegatingMethodAccessorImpl.java:43)
	at java.lang.reflect.Method.invoke(Method.java:498)
	at org.testng.internal.MethodInvocationHelper.invokeMethod(MethodInvocationHelper.java:108)
	at org.testng.internal.Invoker.invokeMethod(Invoker.java:661)
	at org.testng.internal.Invoker.invokeTestMethod(Invoker.java:869)
	at org.testng.internal.Invoker.invokeTestMethods(Invoker.java:1193)
	at org.testng.internal.TestMethodWorker.invokeTestMethods(TestMethodWorker.java:126)
	at org.testng.internal.TestMethodWorker.run(TestMethodWorker.java:109)
	at org.testng.TestRunner.privateRun(TestRunner.java:744)
	at org.testng.TestRunner.run(TestRunner.java:602)
	at org.testng.SuiteRunner.runTest(SuiteRunner.java:380)
	at org.testng.SuiteRunner.runSequentially(SuiteRunner.java:375)
	at org.testng.SuiteRunner.privateRun(SuiteRunner.java:340)
	at org.testng.SuiteRunner.run(SuiteRunner.java:289)
	at org.testng.SuiteRunnerWorker.runSuite(SuiteRunnerWorker.java:52)
	at org.testng.SuiteRunnerWorker.run(SuiteRunnerWorker.java:86)
	at org.testng.TestNG.runSuitesSequentially(TestNG.java:1301)
	at org.testng.TestNG.runSuitesLocally(TestNG.java:1226)
	at org.testng.TestNG.runSuites(TestNG.java:1144)
	at org.testng.TestNG.run(TestNG.java:1115)
	at org.testng.remote.AbstractRemoteTestNG.run(AbstractRemoteTestNG.java:114)
	at org.testng.remote.RemoteTestNG.initAndRun(RemoteTestNG.java:251)
	at org.testng.remote.RemoteTestNG.main(RemoteTestNG.java:77)
]]>
    </error>
  </testcase> <!-- termsAndConditions -->
</testsuite> <!-- com.testscripts.Testcases -->
