<?xml version="1.0" encoding="UTF-8"?>
<!-- Generated by org.testng.reporters.JUnitReportReporter -->
<testsuite skipped="0" hostname="MGGG0HH2" name="com.testscripts.TestCases" tests="1" failures="0" timestamp="11 Jul 2018 20:30:29 GMT" time="99.022" errors="0">
  <testcase name="verifyHomepageAllAccounts" time="99.022" classname="com.testscripts.TestCases"/>
</testsuite> <!-- com.testscripts.TestCases -->
