<?xml version="1.0" encoding="UTF-8"?>
<!-- Generated by org.testng.reporters.JUnitReportReporter -->
<testsuite skipped="0" hostname="MGGG0HH2" name="com.testscripts.Testcases" tests="1" failures="0" timestamp="11 Dec 2017 22:35:10 GMT" time="163.842" errors="0">
  <testcase name="LogOutButton" time="163.842" classname="com.testscripts.Testcases"/>
</testsuite> <!-- com.testscripts.Testcases -->
