<?xml version="1.0" encoding="UTF-8"?>
<!-- Generated by org.testng.reporters.JUnitReportReporter -->
<testsuite skipped="0" hostname="MGGG0HH2" name="com.testscripts.TestCases" tests="1" failures="0" timestamp="18 Jan 2018 21:10:41 GMT" time="206.022" errors="0">
  <testcase name="meToMetransfer" time="206.022" classname="com.testscripts.TestCases"/>
</testsuite> <!-- com.testscripts.TestCases -->
