<?xml version="1.0" encoding="UTF-8"?>
<!-- Generated by org.testng.reporters.JUnitReportReporter -->
<testsuite skipped="0" hostname="MGGG0HH2" name="com.testscripts.TestCases" tests="5" failures="0" timestamp="11 Jul 2018 19:32:22 GMT" time="241.872" errors="0">
  <testcase name="loginWithInvalidUsername" time="37.053" classname="com.testscripts.TestCases"/>
  <testcase name="passwordRetry" time="52.066" classname="com.testscripts.TestCases"/>
  <testcase name="loginWithValidTestData" time="47.985" classname="com.testscripts.TestCases"/>
  <testcase name="loginWithEmptyData" time="53.529" classname="com.testscripts.TestCases"/>
  <testcase name="loginWithInvalidPassword" time="51.239" classname="com.testscripts.TestCases"/>
</testsuite> <!-- com.testscripts.TestCases -->
